UP038 Use `X | Y` in `isinstance` call instead of `(X, Y)`
  --> tests/test_mqtt_smoke.py:73:20
   |
71 |             def __init__(self, topic, payload):
72 |                 self.topic = topic
73 |                 if isinstance(payload, (bytes, bytearray)):
   |                    ^^^^^^^^^^^^^^^^^^^^^^^^^^^^^^^^^^^^^^^
74 |                     self.payload = bytes(payload)
75 |                 elif payload is None:
   |
help: Convert to `X | Y`

E501 Line too long (111 > 88)
  --> tools/verify_discovery.py:55:89
   |
53 | print("\nDiscovery Verification Results:")
54 | print(
55 |     "Topic                      | Retained | stat_t              | avty_t      | sw_version      | identifiers"
   |                                                                                         ^^^^^^^^^^^^^^^^^^^^^^^
56 | )
57 | print(
   |

E501 Line too long (113 > 88)
  --> tools/verify_discovery.py:76:89
   |
74 |     )
75 |     print(
76 |         f"{t:27} | {str(retained.get(t, False)):8} | {stat_t:19} | {avty_t:11} | {sw_version:14} | {identifiers}"
   |                                                                                         ^^^^^^^^^^^^^^^^^^^^^^^^^
77 |     )
78 |     if not ok:
   |

Found 3 errors.
No fixes available (1 hidden fix can be enabled with the `--unsafe-fixes` option).
