{"event": "version_probe", "bleak": "0.22.3", "spherov2": "0.12.1"}
PYBIN: /Users/evertappels/Projects/HA-BB8/.venv/bin/python
VENV : /Users/evertappels/Projects/HA-BB8/.venv
PYTHONPATH: None
[LOGGING DEBUG] Resolved LOG_PATH candidate: /Volumes/addons/docs/reports/ha_bb8_addon.log
[LOGGING DEBUG] Writable: True
2025-08-18 04:05:15,646 INFO:bb8_addon: {'event': 'version_probe', 'bleak': '0.22.3', 'spherov2': '0.12.1'}
Dispatcher config (resolved): host=%s port=%s user=%s topic=%s client_id=%s source=%s
2025-08-18 04:05:15,692 INFO:bb8_addon: Dispatcher config (resolved): host=127.0.0.1 port=1883 user=False topic=bb8 client_id=bb8-addon source=None
import bb8_core: OK → /Volumes/addons/local/beep_boop_bb8/bb8_core/__init__.py
sys.path (first 6): [
  "/Users/evertappels/Projects/HA-BB8/tools",
  "/opt/homebrew/Cellar/python@3.13/3.13.5/Frameworks/Python.framework/Versions/3.13/lib/python313.zip",
  "/opt/homebrew/Cellar/python@3.13/3.13.5/Frameworks/Python.framework/Versions/3.13/lib/python3.13",
  "/opt/homebrew/Cellar/python@3.13/3.13.5/Frameworks/Python.framework/Versions/3.13/lib/python3.13/lib-dynload",
  "/Users/evertappels/Projects/HA-BB8/.venv/lib/python3.13/site-packages"
]
MQTT_HOST: None
MQTT_BASE: None
REQUIRE_DEVICE_ECHO: None
ENABLE_BRIDGE_TELEMETRY: None
Found .pth files:
 - /Users/evertappels/Projects/HA-BB8/.venv/lib/python3.13/site-packages/pytest-cov.pth → # import os, sys;exec('if \'COV_CORE_SOURCE\' in os.environ:\n try:\n  from pytest_cov.embed import init\n  init()\n except Exception as exc:\n  sys.stderr.write(\n   "pytest-cov: Failed to setup subprocess coverage. "\n   "Environ: {0!r} "\n   "Exception: {1!r}\\n".format(\n    dict((k, v) for k, v in os.environ.items() if k.startswith(\'COV_CORE\')),\n    exc\n   )\n  )\n')
 - /Users/evertappels/Projects/HA-BB8/.venv/lib/python3.13/site-packages/distutils-precedence.pth → import os; var = 'SETUPTOOLS_USE_DISTUTILS'; enabled = os.environ.get(var, 'local') == 'local'; enabled and __import__('_distutils_hack').add_shim();
 - /Users/evertappels/Projects/HA-BB8/.venv/lib/python3.13/site-packages/__editable__.ha_bb8-0.0.0.pth → import __editable___ha_bb8_0_0_0_finder; __editable___ha_bb8_0_0_0_finder.install()
