s6-rc: info: service s6rc-oneshot-runner: starting
s6-rc: info: service s6rc-oneshot-runner successfully started
s6-rc: info: service fix-attrs: starting
s6-rc: info: service fix-attrs successfully started
s6-rc: info: service legacy-cont-init: starting
s6-rc: info: service legacy-cont-init successfully started
s6-rc: info: service legacy-services: starting
services-up: info: copying legacy longrun ble_bridge (no readiness notification)
s6-rc: info: service legacy-services successfully started
2025-08-18T16:51:12+01:00 [BB-8] Starting bridge controller… (ENABLE_BRIDGE_TELEMETRY=1)
[LOGGING DEBUG] Resolved LOG_PATH candidate: /Volumes/addons/docs/reports/ha_bb8_addon.log
[LOGGING DEBUG] Writable: True
{"event": "version_probe", "bleak": "0.22.3", "spherov2": "0.12.1"}
2025-08-18 16:51:12,569 INFO:bb8_addon: {'event': 'version_probe', 'bleak': '0.22.3', 'spherov2': '0.12.1'}
Dispatcher config (resolved): host=%s port=%s user=%s topic=%s client_id=%s source=%s
2025-08-18 16:51:12,592 INFO:bb8_addon: Dispatcher config (resolved): host=192.168.0.129 port=1883 user=True topic=bb8 client_id=bb8-addon source=/data/options.json
2025-08-18T16:51:13+01:00 [BB-8] Starting bridge controller… (ENABLE_BRIDGE_TELEMETRY=1)
[LOGGING DEBUG] Resolved LOG_PATH candidate: /Volumes/addons/docs/reports/ha_bb8_addon.log
[LOGGING DEBUG] Writable: True
2025-08-18 16:51:14,194 INFO:bb8_addon: {'event': 'version_probe', 'bleak': '0.22.3', 'spherov2': '0.12.1'}
{"event": "version_probe", "bleak": "0.22.3", "spherov2": "0.12.1"}
Dispatcher config (resolved): host=%s port=%s user=%s topic=%s client_id=%s source=%s
2025-08-18 16:51:14,217 INFO:bb8_addon: Dispatcher config (resolved): host=192.168.0.129 port=1883 user=True topic=bb8 client_id=bb8-addon source=/data/options.json
2025-08-18T16:51:15+01:00 [BB-8] Starting bridge controller… (ENABLE_BRIDGE_TELEMETRY=1)
[LOGGING DEBUG] Resolved LOG_PATH candidate: /Volumes/addons/docs/reports/ha_bb8_addon.log
[LOGGING DEBUG] Writable: True
{"event": "version_probe", "bleak": "0.22.3", "spherov2": "0.12.1"}
2025-08-18 16:51:15,745 INFO:bb8_addon: {'event': 'version_probe', 'bleak': '0.22.3', 'spherov2': '0.12.1'}
Dispatcher config (resolved): host=%s port=%s user=%s topic=%s client_id=%s source=%s
2025-08-18 16:51:15,771 INFO:bb8_addon: Dispatcher config (resolved): host=192.168.0.129 port=1883 user=True topic=bb8 client_id=bb8-addon source=/data/options.json
2025-08-18T16:51:16+01:00 [BB-8] Starting bridge controller… (ENABLE_BRIDGE_TELEMETRY=1)
[LOGGING DEBUG] Resolved LOG_PATH candidate: /Volumes/addons/docs/reports/ha_bb8_addon.log
[LOGGING DEBUG] Writable: True
{"event": "version_probe", "bleak": "0.22.3", "spherov2": "0.12.1"}
2025-08-18 16:51:17,330 INFO:bb8_addon: {'event': 'version_probe', 'bleak': '0.22.3', 'spherov2': '0.12.1'}
Dispatcher config (resolved): host=%s port=%s user=%s topic=%s client_id=%s source=%s
2025-08-18 16:51:17,351 INFO:bb8_addon: Dispatcher config (resolved): host=192.168.0.129 port=1883 user=True topic=bb8 client_id=bb8-addon source=/data/options.json
2025-08-18T16:51:18+01:00 [BB-8] Starting bridge controller… (ENABLE_BRIDGE_TELEMETRY=1)
[LOGGING DEBUG] Resolved LOG_PATH candidate: /Volumes/addons/docs/reports/ha_bb8_addon.log
[LOGGING DEBUG] Writable: True
{"event": "version_probe", "bleak": "0.22.3", "spherov2": "0.12.1"}
2025-08-18 16:51:18,893 INFO:bb8_addon: {'event': 'version_probe', 'bleak': '0.22.3', 'spherov2': '0.12.1'}
Dispatcher config (resolved): host=%s port=%s user=%s topic=%s client_id=%s source=%s
2025-08-18 16:51:18,913 INFO:bb8_addon: Dispatcher config (resolved): host=192.168.0.129 port=1883 user=True topic=bb8 client_id=bb8-addon source=/data/options.json
2025-08-18T16:51:20+01:00 [BB-8] Starting bridge controller… (ENABLE_BRIDGE_TELEMETRY=1)
[LOGGING DEBUG] Resolved LOG_PATH candidate: /Volumes/addons/docs/reports/ha_bb8_addon.log
[LOGGING DEBUG] Writable: True
{"event": "version_probe", "bleak": "0.22.3", "spherov2": "0.12.1"}
2025-08-18 16:51:20,445 INFO:bb8_addon: {'event': 'version_probe', 'bleak': '0.22.3', 'spherov2': '0.12.1'}
Dispatcher config (resolved): host=%s port=%s user=%s topic=%s client_id=%s source=%s
2025-08-18 16:51:20,465 INFO:bb8_addon: Dispatcher config (resolved): host=192.168.0.129 port=1883 user=True topic=bb8 client_id=bb8-addon source=/data/options.json
2025-08-18T16:51:21+01:00 [BB-8] Starting bridge controller… (ENABLE_BRIDGE_TELEMETRY=1)
[LOGGING DEBUG] Resolved LOG_PATH candidate: /Volumes/addons/docs/reports/ha_bb8_addon.log
[LOGGING DEBUG] Writable: True
{"event": "version_probe", "bleak": "0.22.3", "spherov2": "0.12.1"}
2025-08-18 16:51:22,017 INFO:bb8_addon: {'event': 'version_probe', 'bleak': '0.22.3', 'spherov2': '0.12.1'}
Dispatcher config (resolved): host=%s port=%s user=%s topic=%s client_id=%s source=%s
2025-08-18 16:51:22,038 INFO:bb8_addon: Dispatcher config (resolved): host=192.168.0.129 port=1883 user=True topic=bb8 client_id=bb8-addon source=/data/options.json
2025-08-18T16:51:23+01:00 [BB-8] Starting bridge controller… (ENABLE_BRIDGE_TELEMETRY=1)
[LOGGING DEBUG] Resolved LOG_PATH candidate: /Volumes/addons/docs/reports/ha_bb8_addon.log
[LOGGING DEBUG] Writable: True
{"event": "version_probe", "bleak": "0.22.3", "spherov2": "0.12.1"}
2025-08-18 16:51:23,625 INFO:bb8_addon: {'event': 'version_probe', 'bleak': '0.22.3', 'spherov2': '0.12.1'}
Dispatcher config (resolved): host=%s port=%s user=%s topic=%s client_id=%s source=%s
2025-08-18 16:51:23,646 INFO:bb8_addon: Dispatcher config (resolved): host=192.168.0.129 port=1883 user=True topic=bb8 client_id=bb8-addon source=/data/options.json
2025-08-18T16:51:24+01:00 [BB-8] Starting bridge controller… (ENABLE_BRIDGE_TELEMETRY=1)
[LOGGING DEBUG] Resolved LOG_PATH candidate: /Volumes/addons/docs/reports/ha_bb8_addon.log
[LOGGING DEBUG] Writable: True
{"event": "version_probe", "bleak": "0.22.3", "spherov2": "0.12.1"}
2025-08-18 16:51:25,210 INFO:bb8_addon: {'event': 'version_probe', 'bleak': '0.22.3', 'spherov2': '0.12.1'}
Dispatcher config (resolved): host=%s port=%s user=%s topic=%s client_id=%s source=%s
2025-08-18 16:51:25,231 INFO:bb8_addon: Dispatcher config (resolved): host=192.168.0.129 port=1883 user=True topic=bb8 client_id=bb8-addon source=/data/options.json
2025-08-18T16:51:26+01:00 [BB-8] Starting bridge controller… (ENABLE_BRIDGE_TELEMETRY=1)
[LOGGING DEBUG] Resolved LOG_PATH candidate: /Volumes/addons/docs/reports/ha_bb8_addon.log
[LOGGING DEBUG] Writable: True
2025-08-18 16:51:26,821 INFO:bb8_addon: {'event': 'version_probe', 'bleak': '0.22.3', 'spherov2': '0.12.1'}
{"event": "version_probe", "bleak": "0.22.3", "spherov2": "0.12.1"}
Dispatcher config (resolved): host=%s port=%s user=%s topic=%s client_id=%s source=%s
2025-08-18 16:51:26,844 INFO:bb8_addon: Dispatcher config (resolved): host=192.168.0.129 port=1883 user=True topic=bb8 client_id=bb8-addon source=/data/options.json
2025-08-18T16:51:27+01:00 [BB-8] Starting bridge controller… (ENABLE_BRIDGE_TELEMETRY=1)
[LOGGING DEBUG] Resolved LOG_PATH candidate: /Volumes/addons/docs/reports/ha_bb8_addon.log
[LOGGING DEBUG] Writable: True
{"event": "version_probe", "bleak": "0.22.3", "spherov2": "0.12.1"}
2025-08-18 16:51:28,378 INFO:bb8_addon: {'event': 'version_probe', 'bleak': '0.22.3', 'spherov2': '0.12.1'}
Dispatcher config (resolved): host=%s port=%s user=%s topic=%s client_id=%s source=%s
2025-08-18 16:51:28,398 INFO:bb8_addon: Dispatcher config (resolved): host=192.168.0.129 port=1883 user=True topic=bb8 client_id=bb8-addon source=/data/options.json
2025-08-18T16:51:29+01:00 [BB-8] Starting bridge controller… (ENABLE_BRIDGE_TELEMETRY=1)
[LOGGING DEBUG] Resolved LOG_PATH candidate: /Volumes/addons/docs/reports/ha_bb8_addon.log
[LOGGING DEBUG] Writable: True
{"event": "version_probe", "bleak": "0.22.3", "spherov2": "0.12.1"}
2025-08-18 16:51:29,938 INFO:bb8_addon: {'event': 'version_probe', 'bleak': '0.22.3', 'spherov2': '0.12.1'}
Dispatcher config (resolved): host=%s port=%s user=%s topic=%s client_id=%s source=%s
2025-08-18 16:51:29,959 INFO:bb8_addon: Dispatcher config (resolved): host=192.168.0.129 port=1883 user=True topic=bb8 client_id=bb8-addon source=/data/options.json
2025-08-18T16:51:31+01:00 [BB-8] Starting bridge controller… (ENABLE_BRIDGE_TELEMETRY=1)
[LOGGING DEBUG] Resolved LOG_PATH candidate: /Volumes/addons/docs/reports/ha_bb8_addon.log
[LOGGING DEBUG] Writable: True
{"event": "version_probe", "bleak": "0.22.3", "spherov2": "0.12.1"}
2025-08-18 16:51:31,491 INFO:bb8_addon: {'event': 'version_probe', 'bleak': '0.22.3', 'spherov2': '0.12.1'}
Dispatcher config (resolved): host=%s port=%s user=%s topic=%s client_id=%s source=%s
2025-08-18 16:51:31,511 INFO:bb8_addon: Dispatcher config (resolved): host=192.168.0.129 port=1883 user=True topic=bb8 client_id=bb8-addon source=/data/options.json
2025-08-18T16:51:32+01:00 [BB-8] Starting bridge controller… (ENABLE_BRIDGE_TELEMETRY=1)
[LOGGING DEBUG] Resolved LOG_PATH candidate: /Volumes/addons/docs/reports/ha_bb8_addon.log
[LOGGING DEBUG] Writable: True
{"event": "version_probe", "bleak": "0.22.3", "spherov2": "0.12.1"}
2025-08-18 16:51:33,034 INFO:bb8_addon: {'event': 'version_probe', 'bleak': '0.22.3', 'spherov2': '0.12.1'}
Dispatcher config (resolved): host=%s port=%s user=%s topic=%s client_id=%s source=%s
2025-08-18 16:51:33,054 INFO:bb8_addon: Dispatcher config (resolved): host=192.168.0.129 port=1883 user=True topic=bb8 client_id=bb8-addon source=/data/options.json
2025-08-18T16:51:34+01:00 [BB-8] Starting bridge controller… (ENABLE_BRIDGE_TELEMETRY=1)
[LOGGING DEBUG] Resolved LOG_PATH candidate: /Volumes/addons/docs/reports/ha_bb8_addon.log
[LOGGING DEBUG] Writable: True
{"event": "version_probe", "bleak": "0.22.3", "spherov2": "0.12.1"}
2025-08-18 16:51:34,640 INFO:bb8_addon: {'event': 'version_probe', 'bleak': '0.22.3', 'spherov2': '0.12.1'}
Dispatcher config (resolved): host=%s port=%s user=%s topic=%s client_id=%s source=%s
2025-08-18 16:51:34,662 INFO:bb8_addon: Dispatcher config (resolved): host=192.168.0.129 port=1883 user=True topic=bb8 client_id=bb8-addon source=/data/options.json
2025-08-18T16:51:35+01:00 [BB-8] Starting bridge controller… (ENABLE_BRIDGE_TELEMETRY=1)
[LOGGING DEBUG] Resolved LOG_PATH candidate: /Volumes/addons/docs/reports/ha_bb8_addon.log
[LOGGING DEBUG] Writable: True
{"event": "version_probe", "bleak": "0.22.3", "spherov2": "0.12.1"}
2025-08-18 16:51:36,216 INFO:bb8_addon: {'event': 'version_probe', 'bleak': '0.22.3', 'spherov2': '0.12.1'}
Dispatcher config (resolved): host=%s port=%s user=%s topic=%s client_id=%s source=%s
2025-08-18 16:51:36,239 INFO:bb8_addon: Dispatcher config (resolved): host=192.168.0.129 port=1883 user=True topic=bb8 client_id=bb8-addon source=/data/options.json
2025-08-18T16:51:37+01:00 [BB-8] Starting bridge controller… (ENABLE_BRIDGE_TELEMETRY=1)
[LOGGING DEBUG] Resolved LOG_PATH candidate: /Volumes/addons/docs/reports/ha_bb8_addon.log
[LOGGING DEBUG] Writable: True
{"event": "version_probe", "bleak": "0.22.3", "spherov2": "0.12.1"}
2025-08-18 16:51:37,761 INFO:bb8_addon: {'event': 'version_probe', 'bleak': '0.22.3', 'spherov2': '0.12.1'}
Dispatcher config (resolved): host=%s port=%s user=%s topic=%s client_id=%s source=%s
2025-08-18 16:51:37,781 INFO:bb8_addon: Dispatcher config (resolved): host=192.168.0.129 port=1883 user=True topic=bb8 client_id=bb8-addon source=/data/options.json
2025-08-18T16:51:38+01:00 [BB-8] Starting bridge controller… (ENABLE_BRIDGE_TELEMETRY=1)
[LOGGING DEBUG] Resolved LOG_PATH candidate: /Volumes/addons/docs/reports/ha_bb8_addon.log
[LOGGING DEBUG] Writable: True
{"event": "version_probe", "bleak": "0.22.3", "spherov2": "0.12.1"}
2025-08-18 16:51:39,299 INFO:bb8_addon: {'event': 'version_probe', 'bleak': '0.22.3', 'spherov2': '0.12.1'}
Dispatcher config (resolved): host=%s port=%s user=%s topic=%s client_id=%s source=%s
2025-08-18 16:51:39,323 INFO:bb8_addon: Dispatcher config (resolved): host=192.168.0.129 port=1883 user=True topic=bb8 client_id=bb8-addon source=/data/options.json
2025-08-18T16:51:40+01:00 [BB-8] Starting bridge controller… (ENABLE_BRIDGE_TELEMETRY=1)
[LOGGING DEBUG] Resolved LOG_PATH candidate: /Volumes/addons/docs/reports/ha_bb8_addon.log
[LOGGING DEBUG] Writable: True
{"event": "version_probe", "bleak": "0.22.3", "spherov2": "0.12.1"}
2025-08-18 16:51:40,899 INFO:bb8_addon: {'event': 'version_probe', 'bleak': '0.22.3', 'spherov2': '0.12.1'}
Dispatcher config (resolved): host=%s port=%s user=%s topic=%s client_id=%s source=%s
2025-08-18 16:51:40,921 INFO:bb8_addon: Dispatcher config (resolved): host=192.168.0.129 port=1883 user=True topic=bb8 client_id=bb8-addon source=/data/options.json
2025-08-18T16:51:42+01:00 [BB-8] Starting bridge controller… (ENABLE_BRIDGE_TELEMETRY=1)
[LOGGING DEBUG] Resolved LOG_PATH candidate: /Volumes/addons/docs/reports/ha_bb8_addon.log
[LOGGING DEBUG] Writable: True
2025-08-18 16:51:42,489 INFO:bb8_addon: {'event': 'version_probe', 'bleak': '0.22.3', 'spherov2': '0.12.1'}
{"event": "version_probe", "bleak": "0.22.3", "spherov2": "0.12.1"}
2025-08-18 16:51:42,512 INFO:bb8_addon: Dispatcher config (resolved): host=192.168.0.129 port=1883 user=True topic=bb8 client_id=bb8-addon source=/data/options.json
Dispatcher config (resolved): host=%s port=%s user=%s topic=%s client_id=%s source=%s
2025-08-18T16:51:43+01:00 [BB-8] Starting bridge controller… (ENABLE_BRIDGE_TELEMETRY=1)
[LOGGING DEBUG] Resolved LOG_PATH candidate: /Volumes/addons/docs/reports/ha_bb8_addon.log
[LOGGING DEBUG] Writable: True
{"event": "version_probe", "bleak": "0.22.3", "spherov2": "0.12.1"}
2025-08-18 16:51:44,079 INFO:bb8_addon: {'event': 'version_probe', 'bleak': '0.22.3', 'spherov2': '0.12.1'}
Dispatcher config (resolved): host=%s port=%s user=%s topic=%s client_id=%s source=%s
2025-08-18 16:51:44,100 INFO:bb8_addon: Dispatcher config (resolved): host=192.168.0.129 port=1883 user=True topic=bb8 client_id=bb8-addon source=/data/options.json
2025-08-18T16:51:45+01:00 [BB-8] Starting bridge controller… (ENABLE_BRIDGE_TELEMETRY=1)
[LOGGING DEBUG] Resolved LOG_PATH candidate: /Volumes/addons/docs/reports/ha_bb8_addon.log
[LOGGING DEBUG] Writable: True
{"event": "version_probe", "bleak": "0.22.3", "spherov2": "0.12.1"}
2025-08-18 16:51:45,658 INFO:bb8_addon: {'event': 'version_probe', 'bleak': '0.22.3', 'spherov2': '0.12.1'}
2025-08-18 16:51:45,679 INFO:bb8_addon: Dispatcher config (resolved): host=192.168.0.129 port=1883 user=True topic=bb8 client_id=bb8-addon source=/data/options.json
Dispatcher config (resolved): host=%s port=%s user=%s topic=%s client_id=%s source=%s
2025-08-18T16:51:46+01:00 [BB-8] Starting bridge controller… (ENABLE_BRIDGE_TELEMETRY=1)
[LOGGING DEBUG] Resolved LOG_PATH candidate: /Volumes/addons/docs/reports/ha_bb8_addon.log
[LOGGING DEBUG] Writable: True
{"event": "version_probe", "bleak": "0.22.3", "spherov2": "0.12.1"}
2025-08-18 16:51:47,221 INFO:bb8_addon: {'event': 'version_probe', 'bleak': '0.22.3', 'spherov2': '0.12.1'}
2025-08-18 16:51:47,241 INFO:bb8_addon: Dispatcher config (resolved): host=192.168.0.129 port=1883 user=True topic=bb8 client_id=bb8-addon source=/data/options.json
Dispatcher config (resolved): host=%s port=%s user=%s topic=%s client_id=%s source=%s
2025-08-18T16:51:48+01:00 [BB-8] Starting bridge controller… (ENABLE_BRIDGE_TELEMETRY=1)
[LOGGING DEBUG] Resolved LOG_PATH candidate: /Volumes/addons/docs/reports/ha_bb8_addon.log
[LOGGING DEBUG] Writable: True
{"event": "version_probe", "bleak": "0.22.3", "spherov2": "0.12.1"}
2025-08-18 16:51:48,772 INFO:bb8_addon: {'event': 'version_probe', 'bleak': '0.22.3', 'spherov2': '0.12.1'}
Dispatcher config (resolved): host=%s port=%s user=%s topic=%s client_id=%s source=%s
2025-08-18 16:51:48,792 INFO:bb8_addon: Dispatcher config (resolved): host=192.168.0.129 port=1883 user=True topic=bb8 client_id=bb8-addon source=/data/options.json
2025-08-18T16:51:49+01:00 [BB-8] Starting bridge controller… (ENABLE_BRIDGE_TELEMETRY=1)
[LOGGING DEBUG] Resolved LOG_PATH candidate: /Volumes/addons/docs/reports/ha_bb8_addon.log
[LOGGING DEBUG] Writable: True
2025-08-18 16:51:50,323 INFO:bb8_addon: {'event': 'version_probe', 'bleak': '0.22.3', 'spherov2': '0.12.1'}
{"event": "version_probe", "bleak": "0.22.3", "spherov2": "0.12.1"}
Dispatcher config (resolved): host=%s port=%s user=%s topic=%s client_id=%s source=%s
2025-08-18 16:51:50,343 INFO:bb8_addon: Dispatcher config (resolved): host=192.168.0.129 port=1883 user=True topic=bb8 client_id=bb8-addon source=/data/options.json
2025-08-18T16:51:51+01:00 [BB-8] Starting bridge controller… (ENABLE_BRIDGE_TELEMETRY=1)
[LOGGING DEBUG] Resolved LOG_PATH candidate: /Volumes/addons/docs/reports/ha_bb8_addon.log
[LOGGING DEBUG] Writable: True
{"event": "version_probe", "bleak": "0.22.3", "spherov2": "0.12.1"}
2025-08-18 16:51:51,920 INFO:bb8_addon: {'event': 'version_probe', 'bleak': '0.22.3', 'spherov2': '0.12.1'}
Dispatcher config (resolved): host=%s port=%s user=%s topic=%s client_id=%s source=%s
2025-08-18 16:51:51,941 INFO:bb8_addon: Dispatcher config (resolved): host=192.168.0.129 port=1883 user=True topic=bb8 client_id=bb8-addon source=/data/options.json
2025-08-18T16:51:53+01:00 [BB-8] Starting bridge controller… (ENABLE_BRIDGE_TELEMETRY=1)
[LOGGING DEBUG] Resolved LOG_PATH candidate: /Volumes/addons/docs/reports/ha_bb8_addon.log
[LOGGING DEBUG] Writable: True
{"event": "version_probe", "bleak": "0.22.3", "spherov2": "0.12.1"}
2025-08-18 16:51:53,497 INFO:bb8_addon: {'event': 'version_probe', 'bleak': '0.22.3', 'spherov2': '0.12.1'}
Dispatcher config (resolved): host=%s port=%s user=%s topic=%s client_id=%s source=%s
2025-08-18 16:51:53,521 INFO:bb8_addon: Dispatcher config (resolved): host=192.168.0.129 port=1883 user=True topic=bb8 client_id=bb8-addon source=/data/options.json
2025-08-18T16:51:54+01:00 [BB-8] Starting bridge controller… (ENABLE_BRIDGE_TELEMETRY=1)
[LOGGING DEBUG] Resolved LOG_PATH candidate: /Volumes/addons/docs/reports/ha_bb8_addon.log
[LOGGING DEBUG] Writable: True
{"event": "version_probe", "bleak": "0.22.3", "spherov2": "0.12.1"}
2025-08-18 16:51:55,101 INFO:bb8_addon: {'event': 'version_probe', 'bleak': '0.22.3', 'spherov2': '0.12.1'}
Dispatcher config (resolved): host=%s port=%s user=%s topic=%s client_id=%s source=%s
2025-08-18 16:51:55,122 INFO:bb8_addon: Dispatcher config (resolved): host=192.168.0.129 port=1883 user=True topic=bb8 client_id=bb8-addon source=/data/options.json
2025-08-18T16:51:56+01:00 [BB-8] Starting bridge controller… (ENABLE_BRIDGE_TELEMETRY=1)
[LOGGING DEBUG] Resolved LOG_PATH candidate: /Volumes/addons/docs/reports/ha_bb8_addon.log
[LOGGING DEBUG] Writable: True
{"event": "version_probe", "bleak": "0.22.3", "spherov2": "0.12.1"}
2025-08-18 16:51:56,686 INFO:bb8_addon: {'event': 'version_probe', 'bleak': '0.22.3', 'spherov2': '0.12.1'}
Dispatcher config (resolved): host=%s port=%s user=%s topic=%s client_id=%s source=%s
2025-08-18 16:51:56,707 INFO:bb8_addon: Dispatcher config (resolved): host=192.168.0.129 port=1883 user=True topic=bb8 client_id=bb8-addon source=/data/options.json
2025-08-18T16:51:57+01:00 [BB-8] Starting bridge controller… (ENABLE_BRIDGE_TELEMETRY=1)
[LOGGING DEBUG] Resolved LOG_PATH candidate: /Volumes/addons/docs/reports/ha_bb8_addon.log
[LOGGING DEBUG] Writable: True
{"event": "version_probe", "bleak": "0.22.3", "spherov2": "0.12.1"}
2025-08-18 16:51:58,290 INFO:bb8_addon: {'event': 'version_probe', 'bleak': '0.22.3', 'spherov2': '0.12.1'}
Dispatcher config (resolved): host=%s port=%s user=%s topic=%s client_id=%s source=%s
2025-08-18 16:51:58,310 INFO:bb8_addon: Dispatcher config (resolved): host=192.168.0.129 port=1883 user=True topic=bb8 client_id=bb8-addon source=/data/options.json
2025-08-18T16:51:59+01:00 [BB-8] Starting bridge controller… (ENABLE_BRIDGE_TELEMETRY=1)
[LOGGING DEBUG] Resolved LOG_PATH candidate: /Volumes/addons/docs/reports/ha_bb8_addon.log
[LOGGING DEBUG] Writable: True
{"event": "version_probe", "bleak": "0.22.3", "spherov2": "0.12.1"}
2025-08-18 16:51:59,869 INFO:bb8_addon: {'event': 'version_probe', 'bleak': '0.22.3', 'spherov2': '0.12.1'}
Dispatcher config (resolved): host=%s port=%s user=%s topic=%s client_id=%s source=%s
2025-08-18 16:51:59,890 INFO:bb8_addon: Dispatcher config (resolved): host=192.168.0.129 port=1883 user=True topic=bb8 client_id=bb8-addon source=/data/options.json
2025-08-18T16:52:01+01:00 [BB-8] Starting bridge controller… (ENABLE_BRIDGE_TELEMETRY=1)
[LOGGING DEBUG] Resolved LOG_PATH candidate: /Volumes/addons/docs/reports/ha_bb8_addon.log
[LOGGING DEBUG] Writable: True
{"event": "version_probe", "bleak": "0.22.3", "spherov2": "0.12.1"}
2025-08-18 16:52:01,434 INFO:bb8_addon: {'event': 'version_probe', 'bleak': '0.22.3', 'spherov2': '0.12.1'}
Dispatcher config (resolved): host=%s port=%s user=%s topic=%s client_id=%s source=%s
2025-08-18 16:52:01,455 INFO:bb8_addon: Dispatcher config (resolved): host=192.168.0.129 port=1883 user=True topic=bb8 client_id=bb8-addon source=/data/options.json
2025-08-18T16:52:02+01:00 [BB-8] Starting bridge controller… (ENABLE_BRIDGE_TELEMETRY=1)
[LOGGING DEBUG] Resolved LOG_PATH candidate: /Volumes/addons/docs/reports/ha_bb8_addon.log
[LOGGING DEBUG] Writable: True
{"event": "version_probe", "bleak": "0.22.3", "spherov2": "0.12.1"}
2025-08-18 16:52:03,012 INFO:bb8_addon: {'event': 'version_probe', 'bleak': '0.22.3', 'spherov2': '0.12.1'}
Dispatcher config (resolved): host=%s port=%s user=%s topic=%s client_id=%s source=%s
2025-08-18 16:52:03,034 INFO:bb8_addon: Dispatcher config (resolved): host=192.168.0.129 port=1883 user=True topic=bb8 client_id=bb8-addon source=/data/options.json
2025-08-18T16:52:04+01:00 [BB-8] Starting bridge controller… (ENABLE_BRIDGE_TELEMETRY=1)
[LOGGING DEBUG] Resolved LOG_PATH candidate: /Volumes/addons/docs/reports/ha_bb8_addon.log
[LOGGING DEBUG] Writable: True
{"event": "version_probe", "bleak": "0.22.3", "spherov2": "0.12.1"}
2025-08-18 16:52:04,594 INFO:bb8_addon: {'event': 'version_probe', 'bleak': '0.22.3', 'spherov2': '0.12.1'}
Dispatcher config (resolved): host=%s port=%s user=%s topic=%s client_id=%s source=%s
2025-08-18 16:52:04,614 INFO:bb8_addon: Dispatcher config (resolved): host=192.168.0.129 port=1883 user=True topic=bb8 client_id=bb8-addon source=/data/options.json
2025-08-18T16:52:05+01:00 [BB-8] Starting bridge controller… (ENABLE_BRIDGE_TELEMETRY=1)
[LOGGING DEBUG] Resolved LOG_PATH candidate: /Volumes/addons/docs/reports/ha_bb8_addon.log
[LOGGING DEBUG] Writable: True
{"event": "version_probe", "bleak": "0.22.3", "spherov2": "0.12.1"}
2025-08-18 16:52:06,185 INFO:bb8_addon: {'event': 'version_probe', 'bleak': '0.22.3', 'spherov2': '0.12.1'}
Dispatcher config (resolved): host=%s port=%s user=%s topic=%s client_id=%s source=%s
2025-08-18 16:52:06,209 INFO:bb8_addon: Dispatcher config (resolved): host=192.168.0.129 port=1883 user=True topic=bb8 client_id=bb8-addon source=/data/options.json
2025-08-18T16:52:07+01:00 [BB-8] Starting bridge controller… (ENABLE_BRIDGE_TELEMETRY=1)
[LOGGING DEBUG] Resolved LOG_PATH candidate: /Volumes/addons/docs/reports/ha_bb8_addon.log
[LOGGING DEBUG] Writable: True
2025-08-18 16:52:07,760 INFO:bb8_addon: {'event': 'version_probe', 'bleak': '0.22.3', 'spherov2': '0.12.1'}
{"event": "version_probe", "bleak": "0.22.3", "spherov2": "0.12.1"}
Dispatcher config (resolved): host=%s port=%s user=%s topic=%s client_id=%s source=%s
2025-08-18 16:52:07,780 INFO:bb8_addon: Dispatcher config (resolved): host=192.168.0.129 port=1883 user=True topic=bb8 client_id=bb8-addon source=/data/options.json
2025-08-18T16:52:08+01:00 [BB-8] Starting bridge controller… (ENABLE_BRIDGE_TELEMETRY=1)
[LOGGING DEBUG] Resolved LOG_PATH candidate: /Volumes/addons/docs/reports/ha_bb8_addon.log
[LOGGING DEBUG] Writable: True
{"event": "version_probe", "bleak": "0.22.3", "spherov2": "0.12.1"}
2025-08-18 16:52:09,384 INFO:bb8_addon: {'event': 'version_probe', 'bleak': '0.22.3', 'spherov2': '0.12.1'}
Dispatcher config (resolved): host=%s port=%s user=%s topic=%s client_id=%s source=%s
2025-08-18 16:52:09,404 INFO:bb8_addon: Dispatcher config (resolved): host=192.168.0.129 port=1883 user=True topic=bb8 client_id=bb8-addon source=/data/options.json
2025-08-18T16:52:10+01:00 [BB-8] Starting bridge controller… (ENABLE_BRIDGE_TELEMETRY=1)
[LOGGING DEBUG] Resolved LOG_PATH candidate: /Volumes/addons/docs/reports/ha_bb8_addon.log
[LOGGING DEBUG] Writable: True
{"event": "version_probe", "bleak": "0.22.3", "spherov2": "0.12.1"}
2025-08-18 16:52:10,964 INFO:bb8_addon: {'event': 'version_probe', 'bleak': '0.22.3', 'spherov2': '0.12.1'}
Dispatcher config (resolved): host=%s port=%s user=%s topic=%s client_id=%s source=%s
2025-08-18 16:52:10,988 INFO:bb8_addon: Dispatcher config (resolved): host=192.168.0.129 port=1883 user=True topic=bb8 client_id=bb8-addon source=/data/options.json
2025-08-18T16:52:12+01:00 [BB-8] Starting bridge controller… (ENABLE_BRIDGE_TELEMETRY=1)
[LOGGING DEBUG] Resolved LOG_PATH candidate: /Volumes/addons/docs/reports/ha_bb8_addon.log
[LOGGING DEBUG] Writable: True
{"event": "version_probe", "bleak": "0.22.3", "spherov2": "0.12.1"}
2025-08-18 16:52:12,565 INFO:bb8_addon: {'event': 'version_probe', 'bleak': '0.22.3', 'spherov2': '0.12.1'}
Dispatcher config (resolved): host=%s port=%s user=%s topic=%s client_id=%s source=%s
2025-08-18 16:52:12,586 INFO:bb8_addon: Dispatcher config (resolved): host=192.168.0.129 port=1883 user=True topic=bb8 client_id=bb8-addon source=/data/options.json
2025-08-18T16:52:13+01:00 [BB-8] Starting bridge controller… (ENABLE_BRIDGE_TELEMETRY=1)
[LOGGING DEBUG] Resolved LOG_PATH candidate: /Volumes/addons/docs/reports/ha_bb8_addon.log
[LOGGING DEBUG] Writable: True
{"event": "version_probe", "bleak": "0.22.3", "spherov2": "0.12.1"}
2025-08-18 16:52:14,131 INFO:bb8_addon: {'event': 'version_probe', 'bleak': '0.22.3', 'spherov2': '0.12.1'}
Dispatcher config (resolved): host=%s port=%s user=%s topic=%s client_id=%s source=%s
2025-08-18 16:52:14,151 INFO:bb8_addon: Dispatcher config (resolved): host=192.168.0.129 port=1883 user=True topic=bb8 client_id=bb8-addon source=/data/options.json
2025-08-18T16:52:15+01:00 [BB-8] Starting bridge controller… (ENABLE_BRIDGE_TELEMETRY=1)
[LOGGING DEBUG] Resolved LOG_PATH candidate: /Volumes/addons/docs/reports/ha_bb8_addon.log
[LOGGING DEBUG] Writable: True
{"event": "version_probe", "bleak": "0.22.3", "spherov2": "0.12.1"}
2025-08-18 16:52:15,713 INFO:bb8_addon: {'event': 'version_probe', 'bleak': '0.22.3', 'spherov2': '0.12.1'}
Dispatcher config (resolved): host=%s port=%s user=%s topic=%s client_id=%s source=%s
2025-08-18 16:52:15,734 INFO:bb8_addon: Dispatcher config (resolved): host=192.168.0.129 port=1883 user=True topic=bb8 client_id=bb8-addon source=/data/options.json
2025-08-18T16:52:16+01:00 [BB-8] Starting bridge controller… (ENABLE_BRIDGE_TELEMETRY=1)
[LOGGING DEBUG] Resolved LOG_PATH candidate: /Volumes/addons/docs/reports/ha_bb8_addon.log
[LOGGING DEBUG] Writable: True
{"event": "version_probe", "bleak": "0.22.3", "spherov2": "0.12.1"}
2025-08-18 16:52:17,282 INFO:bb8_addon: {'event': 'version_probe', 'bleak': '0.22.3', 'spherov2': '0.12.1'}
Dispatcher config (resolved): host=%s port=%s user=%s topic=%s client_id=%s source=%s
2025-08-18 16:52:17,308 INFO:bb8_addon: Dispatcher config (resolved): host=192.168.0.129 port=1883 user=True topic=bb8 client_id=bb8-addon source=/data/options.json
2025-08-18T16:52:18+01:00 [BB-8] Starting bridge controller… (ENABLE_BRIDGE_TELEMETRY=1)
[LOGGING DEBUG] Resolved LOG_PATH candidate: /Volumes/addons/docs/reports/ha_bb8_addon.log
[LOGGING DEBUG] Writable: True
{"event": "version_probe", "bleak": "0.22.3", "spherov2": "0.12.1"}
2025-08-18 16:52:18,863 INFO:bb8_addon: {'event': 'version_probe', 'bleak': '0.22.3', 'spherov2': '0.12.1'}
Dispatcher config (resolved): host=%s port=%s user=%s topic=%s client_id=%s source=%s
2025-08-18 16:52:18,883 INFO:bb8_addon: Dispatcher config (resolved): host=192.168.0.129 port=1883 user=True topic=bb8 client_id=bb8-addon source=/data/options.json
2025-08-18T16:52:20+01:00 [BB-8] Starting bridge controller… (ENABLE_BRIDGE_TELEMETRY=1)
[LOGGING DEBUG] Resolved LOG_PATH candidate: /Volumes/addons/docs/reports/ha_bb8_addon.log
[LOGGING DEBUG] Writable: True
{"event": "version_probe", "bleak": "0.22.3", "spherov2": "0.12.1"}
2025-08-18 16:52:20,449 INFO:bb8_addon: {'event': 'version_probe', 'bleak': '0.22.3', 'spherov2': '0.12.1'}
Dispatcher config (resolved): host=%s port=%s user=%s topic=%s client_id=%s source=%s
2025-08-18 16:52:20,472 INFO:bb8_addon: Dispatcher config (resolved): host=192.168.0.129 port=1883 user=True topic=bb8 client_id=bb8-addon source=/data/options.json
2025-08-18T16:52:21+01:00 [BB-8] Starting bridge controller… (ENABLE_BRIDGE_TELEMETRY=1)
[LOGGING DEBUG] Resolved LOG_PATH candidate: /Volumes/addons/docs/reports/ha_bb8_addon.log
[LOGGING DEBUG] Writable: True
{"event": "version_probe", "bleak": "0.22.3", "spherov2": "0.12.1"}
2025-08-18 16:52:22,029 INFO:bb8_addon: {'event': 'version_probe', 'bleak': '0.22.3', 'spherov2': '0.12.1'}
Dispatcher config (resolved): host=%s port=%s user=%s topic=%s client_id=%s source=%s
2025-08-18 16:52:22,050 INFO:bb8_addon: Dispatcher config (resolved): host=192.168.0.129 port=1883 user=True topic=bb8 client_id=bb8-addon source=/data/options.json
2025-08-18T16:52:23+01:00 [BB-8] Starting bridge controller… (ENABLE_BRIDGE_TELEMETRY=1)
[LOGGING DEBUG] Resolved LOG_PATH candidate: /Volumes/addons/docs/reports/ha_bb8_addon.log
[LOGGING DEBUG] Writable: True
2025-08-18 16:52:23,606 INFO:bb8_addon: {'event': 'version_probe', 'bleak': '0.22.3', 'spherov2': '0.12.1'}
{"event": "version_probe", "bleak": "0.22.3", "spherov2": "0.12.1"}
Dispatcher config (resolved): host=%s port=%s user=%s topic=%s client_id=%s source=%s
2025-08-18 16:52:23,626 INFO:bb8_addon: Dispatcher config (resolved): host=192.168.0.129 port=1883 user=True topic=bb8 client_id=bb8-addon source=/data/options.json
2025-08-18T16:52:24+01:00 [BB-8] Starting bridge controller… (ENABLE_BRIDGE_TELEMETRY=1)
[LOGGING DEBUG] Resolved LOG_PATH candidate: /Volumes/addons/docs/reports/ha_bb8_addon.log
[LOGGING DEBUG] Writable: True
{"event": "version_probe", "bleak": "0.22.3", "spherov2": "0.12.1"}
2025-08-18 16:52:25,176 INFO:bb8_addon: {'event': 'version_probe', 'bleak': '0.22.3', 'spherov2': '0.12.1'}
Dispatcher config (resolved): host=%s port=%s user=%s topic=%s client_id=%s source=%s
2025-08-18 16:52:25,200 INFO:bb8_addon: Dispatcher config (resolved): host=192.168.0.129 port=1883 user=True topic=bb8 client_id=bb8-addon source=/data/options.json
2025-08-18T16:52:26+01:00 [BB-8] Starting bridge controller… (ENABLE_BRIDGE_TELEMETRY=1)
[LOGGING DEBUG] Resolved LOG_PATH candidate: /Volumes/addons/docs/reports/ha_bb8_addon.log
[LOGGING DEBUG] Writable: True
2025-08-18 16:52:26,803 INFO:bb8_addon: {'event': 'version_probe', 'bleak': '0.22.3', 'spherov2': '0.12.1'}
{"event": "version_probe", "bleak": "0.22.3", "spherov2": "0.12.1"}
Dispatcher config (resolved): host=%s port=%s user=%s topic=%s client_id=%s source=%s
2025-08-18 16:52:26,824 INFO:bb8_addon: Dispatcher config (resolved): host=192.168.0.129 port=1883 user=True topic=bb8 client_id=bb8-addon source=/data/options.json
2025-08-18T16:52:27+01:00 [BB-8] Starting bridge controller… (ENABLE_BRIDGE_TELEMETRY=1)
[LOGGING DEBUG] Resolved LOG_PATH candidate: /Volumes/addons/docs/reports/ha_bb8_addon.log
[LOGGING DEBUG] Writable: True
{"event": "version_probe", "bleak": "0.22.3", "spherov2": "0.12.1"}
2025-08-18 16:52:28,393 INFO:bb8_addon: {'event': 'version_probe', 'bleak': '0.22.3', 'spherov2': '0.12.1'}
Dispatcher config (resolved): host=%s port=%s user=%s topic=%s client_id=%s source=%s
2025-08-18 16:52:28,415 INFO:bb8_addon: Dispatcher config (resolved): host=192.168.0.129 port=1883 user=True topic=bb8 client_id=bb8-addon source=/data/options.json
2025-08-18T16:52:29+01:00 [BB-8] Starting bridge controller… (ENABLE_BRIDGE_TELEMETRY=1)
[LOGGING DEBUG] Resolved LOG_PATH candidate: /Volumes/addons/docs/reports/ha_bb8_addon.log
[LOGGING DEBUG] Writable: True
{"event": "version_probe", "bleak": "0.22.3", "spherov2": "0.12.1"}
2025-08-18 16:52:29,973 INFO:bb8_addon: {'event': 'version_probe', 'bleak': '0.22.3', 'spherov2': '0.12.1'}
Dispatcher config (resolved): host=%s port=%s user=%s topic=%s client_id=%s source=%s
2025-08-18 16:52:29,994 INFO:bb8_addon: Dispatcher config (resolved): host=192.168.0.129 port=1883 user=True topic=bb8 client_id=bb8-addon source=/data/options.json