beep_boop_bb8/ops/test_logging_fallback.py:1: error: Cannot find implementation or library stub for module named "bb8_core.logging_setup"  [import-not-found]
beep_boop_bb8/ops/test_facade_attach_mqtt.py:3: error: Cannot find implementation or library stub for module named "bb8_core.facade"  [import-not-found]
beep_boop_bb8/ops/blebridge_handler_surface_check.py:1: error: Cannot find implementation or library stub for module named "bb8_core.ble_bridge"  [import-not-found]
beep_boop_bb8/tests/test_facade.py:25: error: Cannot find implementation or library stub for module named "bb8_core.facade"  [import-not-found]
beep_boop_bb8/tests/test_facade.py:25: error: Cannot find implementation or library stub for module named "bb8_core"  [import-not-found]
beep_boop_bb8/ops/qa_harvest.py:129: note: By default the bodies of untyped functions are not checked, consider using --check-untyped-defs  [annotation-unchecked]
beep_boop_bb8/tests/test_mqtt_smoke.py:3: error: Cannot find implementation or library stub for module named "bb8_core.bb8_presence_scanner"  [import-not-found]
beep_boop_bb8/tests/test_mqtt_smoke.py:4: error: Cannot find implementation or library stub for module named "bb8_core.mqtt_dispatcher"  [import-not-found]
beep_boop_bb8/tests/test_mqtt_dispatcher.py:8: error: Cannot find implementation or library stub for module named "bb8_core.logging_setup"  [import-not-found]
beep_boop_bb8/tests/test_mqtt_dispatcher.py:40: error: Cannot find implementation or library stub for module named "bb8_core"  [import-not-found]
beep_boop_bb8/ops/evidence/collect_stp4.py:25: error: Cannot find implementation or library stub for module named "bb8_core.addon_config"  [import-not-found]
beep_boop_bb8/bb8_core/logging_setup.py:15: error: Incompatible types in assignment (expression has type "dict[Never, Never]", variable has type "Path | None")  [assignment]
beep_boop_bb8/bb8_core/logging_setup.py:52: error: Argument 1 to "setLevel" of "Handler" has incompatible type "Any | str | None"; expected "int | str"  [arg-type]
beep_boop_bb8/bb8_core/logging_setup.py:54: error: Argument 1 to "setLevel" of "Logger" has incompatible type "Any | str | None"; expected "int | str"  [arg-type]
beep_boop_bb8/bb8_core/controller.py:136: error: Incompatible types in assignment (expression has type "str", variable has type "None")  [assignment]
beep_boop_bb8/bb8_core/controller.py:209: error: Incompatible types in assignment (expression has type "str", variable has type "None")  [assignment]
beep_boop_bb8/tests/test_ble_link.py:3: error: Cannot find implementation or library stub for module named "bb8_core.ble_link"  [import-not-found]
beep_boop_bb8/bb8_core/ble_link.py:66: error: Name "pending" already defined on line 44  [no-redef]
beep_boop_bb8/tests/test_smoke_controller_facade.py:8: error: Cannot find implementation or library stub for module named "bb8_core.bridge_controller"  [import-not-found]
beep_boop_bb8/tests/test_smoke_controller_facade.py:9: error: Cannot find implementation or library stub for module named "bb8_core.facade"  [import-not-found]
beep_boop_bb8/bb8_core/mqtt_dispatcher.py:34: error: Name "SCANNER_PUBLISH_HOOK" already defined on line 25  [no-redef]
beep_boop_bb8/bb8_core/mqtt_dispatcher.py:51: error: Cannot find implementation or library stub for module named "bb8_core.bb8_presence_scanner"  [import-not-found]
beep_boop_bb8/bb8_core/mqtt_dispatcher.py:92: error: Argument 1 to "append" of "list" has incompatible type "str"; expected "_StubClient"  [arg-type]
beep_boop_bb8/bb8_core/mqtt_dispatcher.py:94: error: Argument 1 to "append" of "list" has incompatible type "str"; expected "_StubClient"  [arg-type]
beep_boop_bb8/bb8_core/mqtt_dispatcher.py:96: error: Argument 1 to "append" of "list" has incompatible type "str"; expected "_StubClient"  [arg-type]
beep_boop_bb8/bb8_core/mqtt_dispatcher.py:98: error: Argument 1 to "append" of "list" has incompatible type "str"; expected "_StubClient"  [arg-type]
beep_boop_bb8/bb8_core/mqtt_dispatcher.py:100: error: Argument 1 to "append" of "list" has incompatible type "str"; expected "_StubClient"  [arg-type]
beep_boop_bb8/bb8_core/mqtt_dispatcher.py:853: error: Skipping analyzing "spherov2.adapter.bleak_adapter": module is installed, but missing library stubs or py.typed marker  [import-untyped]
beep_boop_bb8/bb8_core/mqtt_dispatcher.py:854: error: Skipping analyzing "spherov2.scanner": module is installed, but missing library stubs or py.typed marker  [import-untyped]
beep_boop_bb8/bb8_core/mqtt_dispatcher.py:855: error: Skipping analyzing "spherov2.sphero_edu": module is installed, but missing library stubs or py.typed marker  [import-untyped]
beep_boop_bb8/bb8_core/mqtt_dispatcher.py:856: error: Skipping analyzing "spherov2.toy.bb8": module is installed, but missing library stubs or py.typed marker  [import-untyped]
beep_boop_bb8/bb8_core/mqtt_dispatcher.py:857: error: Skipping analyzing "spherov2.types": module is installed, but missing library stubs or py.typed marker  [import-untyped]
beep_boop_bb8/bb8_core/mqtt_dispatcher.py:878: error: Skipping analyzing "spherov2.commands.core": module is installed, but missing library stubs or py.typed marker  [import-untyped]
beep_boop_bb8/bb8_core/ble_bridge.py:19: error: Skipping analyzing "spherov2.adapter.bleak_adapter": module is installed, but missing library stubs or py.typed marker  [import-untyped]
beep_boop_bb8/bb8_core/ble_bridge.py:19: note: See https://mypy.readthedocs.io/en/stable/running_mypy.html#missing-imports
beep_boop_bb8/bb8_core/ble_bridge.py:20: error: Skipping analyzing "spherov2.commands.core": module is installed, but missing library stubs or py.typed marker  [import-untyped]
beep_boop_bb8/bb8_core/ble_bridge.py:21: error: Skipping analyzing "spherov2.scanner": module is installed, but missing library stubs or py.typed marker  [import-untyped]
beep_boop_bb8/bb8_core/ble_bridge.py:22: error: Skipping analyzing "spherov2.toy.bb8": module is installed, but missing library stubs or py.typed marker  [import-untyped]
beep_boop_bb8/bb8_core/facade.py:74: error: "int" has no attribute "publish"  [attr-defined]
beep_boop_bb8/bb8_core/facade.py:98: error: "int" has no attribute "publish"  [attr-defined]
beep_boop_bb8/bb8_core/facade.py:107: error: "int" has no attribute "publish"  [attr-defined]
beep_boop_bb8/bb8_core/facade.py:122: error: "int" has no attribute "publish"  [attr-defined]
beep_boop_bb8/bb8_core/facade.py:149: error: "int" has no attribute "publish"  [attr-defined]
beep_boop_bb8/bb8_core/facade.py:176: error: Dict entry 1 has incompatible type "str": "str"; expected "str": "int | None"  [dict-item]
beep_boop_bb8/tests/test_mqtt_echo.py:5: error: Cannot find implementation or library stub for module named "bb8_core.mqtt_echo"  [import-not-found]
beep_boop_bb8/bb8_core/__init__.py:42: error: Cannot assign to a type  [misc]
beep_boop_bb8/bb8_core/__init__.py:42: error: Incompatible types in assignment (expression has type "None", variable has type "type[BLEBridge]")  [assignment]
beep_boop_bb8/bb8_core/__init__.py:47: error: Cannot assign to a type  [misc]
beep_boop_bb8/bb8_core/__init__.py:47: error: Incompatible types in assignment (expression has type "None", variable has type "type[BleGateway]")  [assignment]
beep_boop_bb8/bb8_core/__init__.py:52: error: Cannot assign to a type  [misc]
beep_boop_bb8/bb8_core/__init__.py:52: error: Incompatible types in assignment (expression has type "None", variable has type "type[Core]")  [assignment]
beep_boop_bb8/bb8_core/__init__.py:74: error: Function "Bb8Facade" could always be true in boolean context  [truthy-function]
beep_boop_bb8/bb8_core/__init__.py:76: error: Function "start_bridge_controller" could always be true in boolean context  [truthy-function]
Found 51 errors in 17 files (checked 45 source files)
