[evidence] ts=20250820_222504Z base=bb8 require_echo=1
[evidence] broker=192.168.0.129:1883 user=mqtt_bb8
[evidence] step=probe
  File "/Users/evertappels/Projects/HA-BB8/addon/ops/evidence/mqtt_probe.py", line 10
    payload = json.loads(msg.payload.decode("utf-8"))
IndentationError: unexpected indent
[evidence] step=capture
/Users/evertappels/Projects/HA-BB8/addon/ops/evidence/capture_trace.py:53: DeprecationWarning: Callback API version 1 is deprecated, update to latest version
  client = mqtt.Client(client_id=f"trace-{int(start)}", protocol=mqtt.MQTTv5)
[trace] wrote ../reports/stp4_20250820_232504/ha_mqtt_trace_snapshot.jsonl
[evidence] step=collector
/Users/evertappels/Projects/HA-BB8/addon/ops/evidence/collect_stp4.py:256: DeprecationWarning: Callback API version 1 is deprecated, update to latest version
  self.client = mqtt.Client(
[LOGGING DEBUG] Resolved LOG_PATH candidate: /Volumes/addons/docs/reports/ha_bb8_addon.log
[LOGGING DEBUG] Writable: True
[DEBUG] Loaded config for MQTT: {'MQTT_USERNAME': 'mqtt_bb8', 'MQTT_PASSWORD': 'mqtt_bb8', 'MQTT_HOST': '192.168.0.129', 'MQTT_PORT': 1883, 'MQTT_BASE': 'bb8'}
{
  "generated_at": "2025-08-20T22:25:39.688028+00:00",
  "broker": {
    "host": "192.168.0.129",
    "port": 1883,
    "user_present": true
  },
  "base_topic": "bb8",
  "schema": "PASS",
  "schema_details": {
    "valid": true,
    "count": 0,
    "details": []
  },
  "roundtrip": "FAIL",
  "STP4/roundtrip": "FAIL (explain if FAIL)",
  "timeouts_sec": 2.0,
  "files": [
    "ha_discovery_dump.json",
    "ha_mqtt_trace_snapshot.json"
  ]
}
[evidence] collector exited nonzero (continuing; manifest will record verdicts)
[evidence] step=manifest
[evidence] complete: roundtrip=FAIL schema=UNKNOWN
