[evidence] ts=20250820_190721Z base=bb8 require_echo=1
[evidence] broker=127.0.0.1:1883 user=
[evidence] step=probe
probe: connected=True roundtrip=FAIL schema=UNKNOWN
[evidence] step=capture
[trace] wrote ../reports/stp4_20250820_200721/ha_mqtt_trace_snapshot.jsonl
[evidence] step=collector
{"event": "version_probe", "bleak": "0.22.3", "spherov2": "0.12.1"}
[LOGGING DEBUG] Resolved LOG_PATH candidate: /Volumes/addons/docs/reports/ha_bb8_addon.log
[LOGGING DEBUG] Writable: True
2025-08-20 20:07:42,137 INFO:bb8_addon: {'event': 'version_probe', 'bleak': '0.22.3', 'spherov2': '0.12.1'}
[DEBUG] Loaded config for MQTT: {'MQTT_USERNAME': None, 'MQTT_PASSWORD': None, 'MQTT_HOST': '127.0.0.1', 'MQTT_PORT': 1883, 'MQTT_BASE': 'bb8'}
{
  "generated_at": "2025-08-20T19:08:09.255679+00:00",
  "broker": {
    "host": "127.0.0.1",
    "port": 1883,
    "user_present": false
  },
  "base_topic": "bb8",
  "schema": "PASS",
  "schema_details": {
    "valid": true,
    "count": 0,
    "details": []
  },
  "roundtrip": "FAIL",
  "STP4/roundtrip": "FAIL (explain if FAIL)",
  "timeouts_sec": 2.0,
  "files": [
    "ha_discovery_dump.json",
    "ha_mqtt_trace_snapshot.json"
  ]
}
[evidence] collector exited nonzero (continuing; manifest will record verdicts)
[evidence] step=manifest
[evidence] complete: roundtrip=FAIL schema=UNKNOWN
