beep_boop_bb8/ops/test_logging_fallback.py:1: error: Cannot find implementation or library stub for module named "bb8_core.logging_setup"  [import-not-found]
beep_boop_bb8/ops/test_facade_attach_mqtt.py:3: error: Cannot find implementation or library stub for module named "bb8_core.facade"  [import-not-found]
beep_boop_bb8/ops/blebridge_handler_surface_check.py:1: error: Cannot find implementation or library stub for module named "bb8_core.ble_bridge"  [import-not-found]
beep_boop_bb8/tests/test_facade.py:25: error: Cannot find implementation or library stub for module named "bb8_core.facade"  [import-not-found]
beep_boop_bb8/tests/test_facade.py:25: error: Cannot find implementation or library stub for module named "bb8_core"  [import-not-found]
beep_boop_bb8/tests/test_mqtt_echo.py:3: error: Cannot find implementation or library stub for module named "pytest"  [import-not-found]
beep_boop_bb8/tests/test_mqtt_echo.py:5: error: Cannot find implementation or library stub for module named "bb8_core.mqtt_echo"  [import-not-found]
beep_boop_bb8/tests/test_mqtt_dispatcher.py:6: error: Library stubs not installed for "paho.mqtt.client"  [import-untyped]
beep_boop_bb8/tests/test_mqtt_dispatcher.py:6: error: Library stubs not installed for "paho.mqtt"  [import-untyped]
beep_boop_bb8/tests/test_mqtt_dispatcher.py:6: error: Cannot find implementation or library stub for module named "paho"  [import-not-found]
beep_boop_bb8/tests/test_mqtt_dispatcher.py:8: error: Cannot find implementation or library stub for module named "bb8_core.logging_setup"  [import-not-found]
beep_boop_bb8/tests/test_mqtt_dispatcher.py:40: error: Cannot find implementation or library stub for module named "bb8_core"  [import-not-found]
beep_boop_bb8/ops/qa_harvest.py:151: note: By default the bodies of untyped functions are not checked, consider using --check-untyped-defs  [annotation-unchecked]
beep_boop_bb8/tests/test_mqtt_smoke.py:3: error: Cannot find implementation or library stub for module named "bb8_core.bb8_presence_scanner"  [import-not-found]
beep_boop_bb8/tests/test_mqtt_smoke.py:4: error: Cannot find implementation or library stub for module named "bb8_core.mqtt_dispatcher"  [import-not-found]
beep_boop_bb8/ops/evidence/collect_stp4.py:25: error: Cannot find implementation or library stub for module named "bb8_core.addon_config"  [import-not-found]
beep_boop_bb8/ops/evidence/collect_stp4.py:33: error: Library stubs not installed for "paho.mqtt.client"  [import-untyped]
beep_boop_bb8/ops/evidence/collect_stp4.py:33: error: Library stubs not installed for "paho.mqtt"  [import-untyped]
beep_boop_bb8/ops/evidence/collect_stp4.py:33: error: Cannot find implementation or library stub for module named "paho"  [import-not-found]
beep_boop_bb8/ops/evidence/collect_stp4.py:34: error: Library stubs not installed for "paho.mqtt.enums"  [import-untyped]
beep_boop_bb8/bb8_core/addon_config.py:9: error: Library stubs not installed for "yaml"  [import-untyped]
beep_boop_bb8/bb8_core/addon_config.py:9: note: Hint: "python3 -m pip install types-PyYAML"
beep_boop_bb8/bb8_core/addon_config.py:9: note: (or run "mypy --install-types" to install all missing stub packages)
beep_boop_bb8/bb8_core/addon_config.py:9: note: See https://mypy.readthedocs.io/en/stable/running_mypy.html#missing-imports
beep_boop_bb8/bb8_core/logging_setup.py:15: error: Incompatible types in assignment (expression has type "dict[Never, Never]", variable has type "Path | None")  [assignment]
beep_boop_bb8/bb8_core/logging_setup.py:52: error: Argument 1 to "setLevel" of "Handler" has incompatible type "Any | str | None"; expected "int | str"  [arg-type]
beep_boop_bb8/bb8_core/logging_setup.py:54: error: Argument 1 to "setLevel" of "Logger" has incompatible type "Any | str | None"; expected "int | str"  [arg-type]
beep_boop_bb8/bb8_core/ble_gateway.py:11: error: Cannot find implementation or library stub for module named "bleak"  [import-not-found]
beep_boop_bb8/bb8_core/controller.py:136: error: Incompatible types in assignment (expression has type "str", variable has type "None")  [assignment]
beep_boop_bb8/bb8_core/controller.py:209: error: Incompatible types in assignment (expression has type "str", variable has type "None")  [assignment]
beep_boop_bb8/scan_bb8_gatt.py:12: error: Cannot find implementation or library stub for module named "bleak"  [import-not-found]
beep_boop_bb8/tests/test_ble_link.py:3: error: Cannot find implementation or library stub for module named "bb8_core.ble_link"  [import-not-found]
beep_boop_bb8/tests/conftest.py:10: error: Cannot find implementation or library stub for module named "pytest"  [import-not-found]
beep_boop_bb8/bb8_core/ble_bridge.py:17: error: Library stubs not installed for "paho.mqtt.publish"  [import-untyped]
beep_boop_bb8/bb8_core/ble_bridge.py:17: error: Library stubs not installed for "paho.mqtt"  [import-untyped]
beep_boop_bb8/bb8_core/ble_bridge.py:17: error: Cannot find implementation or library stub for module named "paho"  [import-not-found]
beep_boop_bb8/bb8_core/ble_bridge.py:18: error: Cannot find implementation or library stub for module named "bleak"  [import-not-found]
beep_boop_bb8/bb8_core/ble_bridge.py:19: error: Cannot find implementation or library stub for module named "bleak.exc"  [import-not-found]
beep_boop_bb8/bb8_core/ble_bridge.py:20: error: Cannot find implementation or library stub for module named "spherov2.adapter.bleak_adapter"  [import-not-found]
beep_boop_bb8/bb8_core/ble_bridge.py:21: error: Cannot find implementation or library stub for module named "spherov2.commands.core"  [import-not-found]
beep_boop_bb8/bb8_core/ble_bridge.py:22: error: Cannot find implementation or library stub for module named "spherov2.scanner"  [import-not-found]
beep_boop_bb8/bb8_core/ble_bridge.py:23: error: Cannot find implementation or library stub for module named "spherov2.toy.bb8"  [import-not-found]
beep_boop_bb8/tests/test_smoke_controller_facade.py:8: error: Cannot find implementation or library stub for module named "bb8_core.bridge_controller"  [import-not-found]
beep_boop_bb8/tests/test_smoke_controller_facade.py:9: error: Cannot find implementation or library stub for module named "bb8_core.facade"  [import-not-found]
beep_boop_bb8/bb8_core/mqtt_dispatcher.py:18: error: Library stubs not installed for "paho.mqtt.client"  [import-untyped]
beep_boop_bb8/bb8_core/mqtt_dispatcher.py:18: error: Library stubs not installed for "paho.mqtt"  [import-untyped]
beep_boop_bb8/bb8_core/mqtt_dispatcher.py:18: error: Cannot find implementation or library stub for module named "paho"  [import-not-found]
beep_boop_bb8/bb8_core/mqtt_dispatcher.py:35: error: Name "SCANNER_PUBLISH_HOOK" already defined on line 26  [no-redef]
beep_boop_bb8/bb8_core/mqtt_dispatcher.py:52: error: Cannot find implementation or library stub for module named "bb8_core.bb8_presence_scanner"  [import-not-found]
beep_boop_bb8/bb8_core/mqtt_dispatcher.py:93: error: Argument 1 to "append" of "list" has incompatible type "str"; expected "_StubClient"  [arg-type]
beep_boop_bb8/bb8_core/mqtt_dispatcher.py:95: error: Argument 1 to "append" of "list" has incompatible type "str"; expected "_StubClient"  [arg-type]
beep_boop_bb8/bb8_core/mqtt_dispatcher.py:97: error: Argument 1 to "append" of "list" has incompatible type "str"; expected "_StubClient"  [arg-type]
beep_boop_bb8/bb8_core/mqtt_dispatcher.py:99: error: Argument 1 to "append" of "list" has incompatible type "str"; expected "_StubClient"  [arg-type]
beep_boop_bb8/bb8_core/mqtt_dispatcher.py:101: error: Argument 1 to "append" of "list" has incompatible type "str"; expected "_StubClient"  [arg-type]
beep_boop_bb8/bb8_core/mqtt_dispatcher.py:854: error: Cannot find implementation or library stub for module named "spherov2.adapter.bleak_adapter"  [import-not-found]
beep_boop_bb8/bb8_core/mqtt_dispatcher.py:855: error: Cannot find implementation or library stub for module named "spherov2.scanner"  [import-not-found]
beep_boop_bb8/bb8_core/mqtt_dispatcher.py:856: error: Cannot find implementation or library stub for module named "spherov2.sphero_edu"  [import-not-found]
beep_boop_bb8/bb8_core/mqtt_dispatcher.py:857: error: Cannot find implementation or library stub for module named "spherov2.toy.bb8"  [import-not-found]
beep_boop_bb8/bb8_core/mqtt_dispatcher.py:858: error: Cannot find implementation or library stub for module named "spherov2.types"  [import-not-found]
beep_boop_bb8/bb8_core/mqtt_dispatcher.py:879: error: Cannot find implementation or library stub for module named "spherov2.commands.core"  [import-not-found]
beep_boop_bb8/bb8_core/bb8_presence_scanner.py:16: error: Library stubs not installed for "paho.mqtt.client"  [import-untyped]
beep_boop_bb8/bb8_core/bb8_presence_scanner.py:16: note: Hint: "python3 -m pip install types-paho-mqtt"
beep_boop_bb8/bb8_core/bb8_presence_scanner.py:16: error: Library stubs not installed for "paho.mqtt"  [import-untyped]
beep_boop_bb8/bb8_core/bb8_presence_scanner.py:16: error: Cannot find implementation or library stub for module named "paho"  [import-not-found]
beep_boop_bb8/bb8_core/bb8_presence_scanner.py:17: error: Cannot find implementation or library stub for module named "bleak"  [import-not-found]
beep_boop_bb8/bb8_core/bb8_presence_scanner.py:18: error: Library stubs not installed for "paho.mqtt.enums"  [import-untyped]
beep_boop_bb8/bb8_core/facade.py:75: error: "int" has no attribute "publish"  [attr-defined]
beep_boop_bb8/bb8_core/facade.py:99: error: "int" has no attribute "publish"  [attr-defined]
beep_boop_bb8/bb8_core/facade.py:108: error: "int" has no attribute "publish"  [attr-defined]
beep_boop_bb8/bb8_core/facade.py:123: error: "int" has no attribute "publish"  [attr-defined]
beep_boop_bb8/bb8_core/facade.py:150: error: "int" has no attribute "publish"  [attr-defined]
beep_boop_bb8/bb8_core/facade.py:176: error: Dict entry 1 has incompatible type "str": "str"; expected "str": "int | None"  [dict-item]
beep_boop_bb8/bb8_core/__init__.py:42: error: Cannot assign to a type  [misc]
beep_boop_bb8/bb8_core/__init__.py:42: error: Incompatible types in assignment (expression has type "None", variable has type "type[BLEBridge]")  [assignment]
beep_boop_bb8/bb8_core/__init__.py:47: error: Cannot assign to a type  [misc]
beep_boop_bb8/bb8_core/__init__.py:47: error: Incompatible types in assignment (expression has type "None", variable has type "type[BleGateway]")  [assignment]
beep_boop_bb8/bb8_core/__init__.py:52: error: Cannot assign to a type  [misc]
beep_boop_bb8/bb8_core/__init__.py:52: error: Incompatible types in assignment (expression has type "None", variable has type "type[Core]")  [assignment]
beep_boop_bb8/bb8_core/__init__.py:74: error: Function "Bb8Facade" could always be true in boolean context  [truthy-function]
beep_boop_bb8/bb8_core/__init__.py:76: error: Function "start_bridge_controller" could always be true in boolean context  [truthy-function]
Found 75 errors in 21 files (checked 45 source files)
